debug: Thu, 10 Aug 2023 08:44:47 GMT
debug: Project: E:\work\git\majia\game_993000101
debug: Targets: editor,preview
debug: Incremental file seems great.
debug: Engine path: C:\ProgramData\cocos\editors\3.6.1\resources\resources\3d\engine
debug: Initializing target [Editor]
debug: Loading cache
debug: Loading cache costs 4.309999942779541ms.
debug: Engine features shipped in editor: base,gfx-webgl,gfx-webgl2,3d,animation,skeletal-animation,2d,ui,particle,particle-2d,physics-framework,physics-2d-framework,intersection-2d,primitive,profiler,occlusion-query,geometry-renderer,debug-renderer,audio,video,xr,terrain,webview,tween,tiled-map,spine,dragon-bones,marionette,custom-pipeline
debug: Our import map(foo:/bar): {
  "imports": {
    "cc": "cce:/internal/x/cc"
  }
}
debug: Initializing target [Preview]
debug: Loading cache
debug: Loading cache costs 3.3217999935150146ms.
debug: Our import map(foo:/bar): {
  "imports": {
    "cc": "cce:/internal/x/cc"
  }
}
debug: Sync engine features: 2d,animation,audio,base,dragon-bones,gfx-webgl,gfx-webgl2,intersection-2d,marionette,particle-2d,physics-2d-box2d,profiler,skeletal-animation,spine,tiled-map,tween,ui,video,webview,xr
debug: Reset databases. Enumerated domains: [
  {
    "root": "db://internal/",
    "physical": "C:\\ProgramData\\cocos\\editors\\3.6.1\\resources\\resources\\3d\\engine\\editor\\assets"
  },
  {
    "root": "db://assets/",
    "physical": "E:\\work\\git\\majia\\game_993000101\\assets"
  }
]
debug: Our import map(foo:/bar): {
  "imports": {
    "cc": "cce:/internal/x/cc",
    "db://internal/": "file:///C:/ProgramData/cocos/editors/3.6.1/resources/resources/3d/engine/editor/assets/",
    "db://assets/": "file:///E:/work/git/majia/game_993000101/assets/"
  }
}
debug: Our import map(foo:/bar): {
  "imports": {
    "cc": "cce:/internal/x/cc",
    "db://internal/": "file:///C:/ProgramData/cocos/editors/3.6.1/resources/resources/3d/engine/editor/assets/",
    "db://assets/": "file:///E:/work/git/majia/game_993000101/assets/"
  }
}
debug: Pulling asset-db.
debug: Fetch asset-db cost: 6.6778000593185425ms.
debug: Build iteration starts.
Number of accumulated asset changes: 3
Feature changed: false
debug: Target(editor) build started.
debug: Detected change: cce:/internal/x/cc. Last mtime: Thu Jan 01 1970 08:00:11 GMT+0800 (中国标准时间), Current mtime: Thu Jan 01 1970 08:00:12 GMT+0800 (中国标准时间)
debug: Inspect cce:/internal/x/cc
debug: Resolve cce:/internal/x/cc-fu/base from cce:/internal/x/cc as external dependency cce:/internal/x/cc-fu/base.
debug: Resolve cce:/internal/x/cc-fu/gfx-webgl from cce:/internal/x/cc as external dependency cce:/internal/x/cc-fu/gfx-webgl.
debug: Resolve cce:/internal/x/cc-fu/gfx-webgl2 from cce:/internal/x/cc as external dependency cce:/internal/x/cc-fu/gfx-webgl2.
debug: Resolve cce:/internal/x/cc-fu/3d from cce:/internal/x/cc as external dependency cce:/internal/x/cc-fu/3d.
debug: Resolve cce:/internal/x/cc-fu/animation from cce:/internal/x/cc as external dependency cce:/internal/x/cc-fu/animation.
debug: Resolve cce:/internal/x/cc-fu/skeletal-animation from cce:/internal/x/cc as external dependency cce:/internal/x/cc-fu/skeletal-animation.
debug: Resolve cce:/internal/x/cc-fu/2d from cce:/internal/x/cc as external dependency cce:/internal/x/cc-fu/2d.
debug: Resolve cce:/internal/x/cc-fu/ui from cce:/internal/x/cc as external dependency cce:/internal/x/cc-fu/ui.
debug: Resolve cce:/internal/x/cc-fu/particle from cce:/internal/x/cc as external dependency cce:/internal/x/cc-fu/particle.
debug: Resolve cce:/internal/x/cc-fu/particle-2d from cce:/internal/x/cc as external dependency cce:/internal/x/cc-fu/particle-2d.
debug: Resolve cce:/internal/x/cc-fu/physics-framework from cce:/internal/x/cc as external dependency cce:/internal/x/cc-fu/physics-framework.
debug: Resolve cce:/internal/x/cc-fu/physics-2d-framework from cce:/internal/x/cc as external dependency cce:/internal/x/cc-fu/physics-2d-framework.
debug: Resolve cce:/internal/x/cc-fu/intersection-2d from cce:/internal/x/cc as external dependency cce:/internal/x/cc-fu/intersection-2d.
debug: Resolve cce:/internal/x/cc-fu/primitive from cce:/internal/x/cc as external dependency cce:/internal/x/cc-fu/primitive.
debug: Resolve cce:/internal/x/cc-fu/profiler from cce:/internal/x/cc as external dependency cce:/internal/x/cc-fu/profiler.
debug: Resolve cce:/internal/x/cc-fu/geometry-renderer from cce:/internal/x/cc as external dependency cce:/internal/x/cc-fu/geometry-renderer.
debug: Resolve cce:/internal/x/cc-fu/audio from cce:/internal/x/cc as external dependency cce:/internal/x/cc-fu/audio.
debug: Resolve cce:/internal/x/cc-fu/video from cce:/internal/x/cc as external dependency cce:/internal/x/cc-fu/video.
debug: Resolve cce:/internal/x/cc-fu/xr from cce:/internal/x/cc as external dependency cce:/internal/x/cc-fu/xr.
debug: Resolve cce:/internal/x/cc-fu/terrain from cce:/internal/x/cc as external dependency cce:/internal/x/cc-fu/terrain.
debug: Resolve cce:/internal/x/cc-fu/webview from cce:/internal/x/cc as external dependency cce:/internal/x/cc-fu/webview.
debug: Resolve cce:/internal/x/cc-fu/tween from cce:/internal/x/cc as external dependency cce:/internal/x/cc-fu/tween.
debug: Resolve cce:/internal/x/cc-fu/tiled-map from cce:/internal/x/cc as external dependency cce:/internal/x/cc-fu/tiled-map.
debug: Resolve cce:/internal/x/cc-fu/spine from cce:/internal/x/cc as external dependency cce:/internal/x/cc-fu/spine.
debug: Resolve cce:/internal/x/cc-fu/dragon-bones from cce:/internal/x/cc as external dependency cce:/internal/x/cc-fu/dragon-bones.
debug: Resolve cce:/internal/x/cc-fu/custom-pipeline from cce:/internal/x/cc as external dependency cce:/internal/x/cc-fu/custom-pipeline.
debug: Detected change: cce:/internal/x/prerequisite-imports. Last mtime: Fri Jan 02 1970 01:38:10 GMT+0800 (中国标准时间), Current mtime: Thu Jan 01 1970 08:00:12 GMT+0800 (中国标准时间)
debug: Inspect cce:/internal/x/prerequisite-imports
debug: Resolve file:///E:/work/git/majia/game_993000101/assets/scripts/NodeFactory.ts from cce:/internal/x/prerequisite-imports as file:///E:/work/git/majia/game_993000101/assets/scripts/NodeFactory.ts.
debug: Resolve cc from file:///E:/work/git/majia/game_993000101/assets/scripts/NodeFactory.ts as cce:/internal/x/cc.
debug: Resolve cc from file:///E:/work/git/majia/game_993000101/assets/scripts/NodeFactory.ts as cce:/internal/x/cc.
debug: Resolve cc from file:///E:/work/git/majia/game_993000101/assets/scripts/NodeFactory.ts as cce:/internal/x/cc.
debug: Resolve file:///E:/work/git/majia/game_993000101/assets/scripts/Paper.ts from cce:/internal/x/prerequisite-imports as file:///E:/work/git/majia/game_993000101/assets/scripts/Paper.ts.
debug: Resolve cce:/internal/code-quality/cr.mjs from file:///E:/work/git/majia/game_993000101/assets/scripts/Paper.ts as cce:/internal/code-quality/cr.mjs.
debug: Detected change: cce:/internal/code-quality/cr.mjs. Last mtime: Wed Aug 09 2023 16:24:26 GMT+0800 (中国标准时间), Current mtime: Thu Aug 10 2023 16:44:35 GMT+0800 (中国标准时间)
debug: Inspect cce:/internal/code-quality/cr.mjs
debug: Resolve cc from file:///E:/work/git/majia/game_993000101/assets/scripts/Paper.ts as cce:/internal/x/cc.
debug: Resolve cc from file:///E:/work/git/majia/game_993000101/assets/scripts/Paper.ts as cce:/internal/x/cc.
debug: Resolve cc from file:///E:/work/git/majia/game_993000101/assets/scripts/Paper.ts as cce:/internal/x/cc.
debug: Resolve ./NodeFactory from file:///E:/work/git/majia/game_993000101/assets/scripts/Paper.ts as file:///E:/work/git/majia/game_993000101/assets/scripts/NodeFactory.ts.
debug: Resolve ./Point from file:///E:/work/git/majia/game_993000101/assets/scripts/Paper.ts as file:///E:/work/git/majia/game_993000101/assets/scripts/Point.ts.
debug: Resolve cce:/internal/code-quality/cr.mjs from file:///E:/work/git/majia/game_993000101/assets/scripts/Point.ts as cce:/internal/code-quality/cr.mjs.
debug: Resolve cc from file:///E:/work/git/majia/game_993000101/assets/scripts/Point.ts as cce:/internal/x/cc.
debug: Resolve cc from file:///E:/work/git/majia/game_993000101/assets/scripts/Point.ts as cce:/internal/x/cc.
debug: Resolve cc from file:///E:/work/git/majia/game_993000101/assets/scripts/Point.ts as cce:/internal/x/cc.
debug: Resolve file:///E:/work/git/majia/game_993000101/assets/scripts/Point.ts from cce:/internal/x/prerequisite-imports as file:///E:/work/git/majia/game_993000101/assets/scripts/Point.ts.
debug: Target(editor) ends with cost 178.42469990253448ms.
debug: Target(preview) build started.
debug: Detected change: cce:/internal/x/cc. Last mtime: Thu Jan 01 1970 08:00:11 GMT+0800 (中国标准时间), Current mtime: Thu Jan 01 1970 08:00:12 GMT+0800 (中国标准时间)
debug: Inspect cce:/internal/x/cc
debug: Resolve cce:/internal/x/cc-fu/2d from cce:/internal/x/cc as external dependency cce:/internal/x/cc-fu/2d.
debug: Resolve cce:/internal/x/cc-fu/animation from cce:/internal/x/cc as external dependency cce:/internal/x/cc-fu/animation.
debug: Resolve cce:/internal/x/cc-fu/audio from cce:/internal/x/cc as external dependency cce:/internal/x/cc-fu/audio.
debug: Resolve cce:/internal/x/cc-fu/base from cce:/internal/x/cc as external dependency cce:/internal/x/cc-fu/base.
debug: Resolve cce:/internal/x/cc-fu/dragon-bones from cce:/internal/x/cc as external dependency cce:/internal/x/cc-fu/dragon-bones.
debug: Resolve cce:/internal/x/cc-fu/gfx-webgl from cce:/internal/x/cc as external dependency cce:/internal/x/cc-fu/gfx-webgl.
debug: Resolve cce:/internal/x/cc-fu/gfx-webgl2 from cce:/internal/x/cc as external dependency cce:/internal/x/cc-fu/gfx-webgl2.
debug: Resolve cce:/internal/x/cc-fu/intersection-2d from cce:/internal/x/cc as external dependency cce:/internal/x/cc-fu/intersection-2d.
debug: Resolve cce:/internal/x/cc-fu/particle-2d from cce:/internal/x/cc as external dependency cce:/internal/x/cc-fu/particle-2d.
debug: Resolve cce:/internal/x/cc-fu/physics-2d-box2d from cce:/internal/x/cc as external dependency cce:/internal/x/cc-fu/physics-2d-box2d.
debug: Resolve cce:/internal/x/cc-fu/physics-2d-framework from cce:/internal/x/cc as external dependency cce:/internal/x/cc-fu/physics-2d-framework.
debug: Resolve cce:/internal/x/cc-fu/profiler from cce:/internal/x/cc as external dependency cce:/internal/x/cc-fu/profiler.
debug: Resolve cce:/internal/x/cc-fu/skeletal-animation from cce:/internal/x/cc as external dependency cce:/internal/x/cc-fu/skeletal-animation.
debug: Resolve cce:/internal/x/cc-fu/spine from cce:/internal/x/cc as external dependency cce:/internal/x/cc-fu/spine.
debug: Resolve cce:/internal/x/cc-fu/tiled-map from cce:/internal/x/cc as external dependency cce:/internal/x/cc-fu/tiled-map.
debug: Resolve cce:/internal/x/cc-fu/tween from cce:/internal/x/cc as external dependency cce:/internal/x/cc-fu/tween.
debug: Resolve cce:/internal/x/cc-fu/ui from cce:/internal/x/cc as external dependency cce:/internal/x/cc-fu/ui.
debug: Resolve cce:/internal/x/cc-fu/video from cce:/internal/x/cc as external dependency cce:/internal/x/cc-fu/video.
debug: Resolve cce:/internal/x/cc-fu/webview from cce:/internal/x/cc as external dependency cce:/internal/x/cc-fu/webview.
debug: Resolve cce:/internal/x/cc-fu/xr from cce:/internal/x/cc as external dependency cce:/internal/x/cc-fu/xr.
debug: Detected change: cce:/internal/x/prerequisite-imports. Last mtime: Fri Jan 02 1970 01:38:10 GMT+0800 (中国标准时间), Current mtime: Thu Jan 01 1970 08:00:13 GMT+0800 (中国标准时间)
debug: Inspect cce:/internal/x/prerequisite-imports
debug: Resolve file:///E:/work/git/majia/game_993000101/assets/scripts/NodeFactory.ts from cce:/internal/x/prerequisite-imports as file:///E:/work/git/majia/game_993000101/assets/scripts/NodeFactory.ts.
debug: Resolve cc from file:///E:/work/git/majia/game_993000101/assets/scripts/NodeFactory.ts as cce:/internal/x/cc.
debug: Resolve cc from file:///E:/work/git/majia/game_993000101/assets/scripts/NodeFactory.ts as cce:/internal/x/cc.
debug: Resolve cc from file:///E:/work/git/majia/game_993000101/assets/scripts/NodeFactory.ts as cce:/internal/x/cc.
debug: Resolve file:///E:/work/git/majia/game_993000101/assets/scripts/Paper.ts from cce:/internal/x/prerequisite-imports as file:///E:/work/git/majia/game_993000101/assets/scripts/Paper.ts.
debug: Resolve cce:/internal/code-quality/cr.mjs from file:///E:/work/git/majia/game_993000101/assets/scripts/Paper.ts as cce:/internal/code-quality/cr.mjs.
debug: Detected change: cce:/internal/code-quality/cr.mjs. Last mtime: Wed Aug 09 2023 16:24:26 GMT+0800 (中国标准时间), Current mtime: Thu Aug 10 2023 16:44:35 GMT+0800 (中国标准时间)
debug: Inspect cce:/internal/code-quality/cr.mjs
debug: Resolve cc from file:///E:/work/git/majia/game_993000101/assets/scripts/Paper.ts as cce:/internal/x/cc.
debug: Resolve cc from file:///E:/work/git/majia/game_993000101/assets/scripts/Paper.ts as cce:/internal/x/cc.
debug: Resolve cc from file:///E:/work/git/majia/game_993000101/assets/scripts/Paper.ts as cce:/internal/x/cc.
debug: Resolve ./NodeFactory from file:///E:/work/git/majia/game_993000101/assets/scripts/Paper.ts as file:///E:/work/git/majia/game_993000101/assets/scripts/NodeFactory.ts.
debug: Resolve ./Point from file:///E:/work/git/majia/game_993000101/assets/scripts/Paper.ts as file:///E:/work/git/majia/game_993000101/assets/scripts/Point.ts.
debug: Resolve cce:/internal/code-quality/cr.mjs from file:///E:/work/git/majia/game_993000101/assets/scripts/Point.ts as cce:/internal/code-quality/cr.mjs.
debug: Resolve cc from file:///E:/work/git/majia/game_993000101/assets/scripts/Point.ts as cce:/internal/x/cc.
debug: Resolve cc from file:///E:/work/git/majia/game_993000101/assets/scripts/Point.ts as cce:/internal/x/cc.
debug: Resolve cc from file:///E:/work/git/majia/game_993000101/assets/scripts/Point.ts as cce:/internal/x/cc.
debug: Resolve file:///E:/work/git/majia/game_993000101/assets/scripts/Point.ts from cce:/internal/x/prerequisite-imports as file:///E:/work/git/majia/game_993000101/assets/scripts/Point.ts.
debug: Target(preview) ends with cost 165.93119990825653ms.
debug: Pulling asset-db.
debug: Fetch asset-db cost: 15.299600005149841ms.
debug: Build iteration starts.
Number of accumulated asset changes: 3
Feature changed: false
debug: Target(editor) build started.
debug: Detected change: cce:/internal/x/prerequisite-imports. Last mtime: Thu Jan 01 1970 08:00:12 GMT+0800 (中国标准时间), Current mtime: Thu Jan 01 1970 08:00:13 GMT+0800 (中国标准时间)
debug: Inspect cce:/internal/x/prerequisite-imports
debug: Resolve file:///E:/work/git/majia/game_993000101/assets/scripts/NodeFactory.ts from cce:/internal/x/prerequisite-imports as file:///E:/work/git/majia/game_993000101/assets/scripts/NodeFactory.ts.
debug: Resolve file:///E:/work/git/majia/game_993000101/assets/scripts/Paper.ts from cce:/internal/x/prerequisite-imports as file:///E:/work/git/majia/game_993000101/assets/scripts/Paper.ts.
debug: Resolve file:///E:/work/git/majia/game_993000101/assets/scripts/Point.ts from cce:/internal/x/prerequisite-imports as file:///E:/work/git/majia/game_993000101/assets/scripts/Point.ts.
debug: Target(editor) ends with cost 48.776400089263916ms.
debug: Target(preview) build started.
debug: Detected change: cce:/internal/x/prerequisite-imports. Last mtime: Thu Jan 01 1970 08:00:13 GMT+0800 (中国标准时间), Current mtime: Thu Jan 01 1970 08:00:13 GMT+0800 (中国标准时间)
debug: Inspect cce:/internal/x/prerequisite-imports
debug: Resolve file:///E:/work/git/majia/game_993000101/assets/scripts/NodeFactory.ts from cce:/internal/x/prerequisite-imports as file:///E:/work/git/majia/game_993000101/assets/scripts/NodeFactory.ts.
debug: Resolve file:///E:/work/git/majia/game_993000101/assets/scripts/Paper.ts from cce:/internal/x/prerequisite-imports as file:///E:/work/git/majia/game_993000101/assets/scripts/Paper.ts.
debug: Resolve file:///E:/work/git/majia/game_993000101/assets/scripts/Point.ts from cce:/internal/x/prerequisite-imports as file:///E:/work/git/majia/game_993000101/assets/scripts/Point.ts.
debug: Target(preview) ends with cost 44.79229998588562ms.
debug: Dispatch build request for time accumulated 1 asset changes.
debug: Build iteration starts.
Number of accumulated asset changes: 1
Feature changed: false
debug: Target(editor) build started.
debug: Detected change: cce:/internal/x/prerequisite-imports. Last mtime: Thu Jan 01 1970 08:00:13 GMT+0800 (中国标准时间), Current mtime: Thu Jan 01 1970 08:22:11 GMT+0800 (中国标准时间)
debug: Inspect cce:/internal/x/prerequisite-imports
debug: Resolve file:///E:/work/git/majia/game_993000101/assets/scripts/NodeFactory.ts from cce:/internal/x/prerequisite-imports as file:///E:/work/git/majia/game_993000101/assets/scripts/NodeFactory.ts.
debug: Resolve file:///E:/work/git/majia/game_993000101/assets/scripts/Paper.ts from cce:/internal/x/prerequisite-imports as file:///E:/work/git/majia/game_993000101/assets/scripts/Paper.ts.
debug: Detected change: file:///E:/work/git/majia/game_993000101/assets/scripts/Point.ts. Last mtime: Wed Aug 09 2023 18:40:25 GMT+0800 (中国标准时间)@fdfc0cf4-573b-43cd-91ca-0eb57cbe6a7e, Current mtime: Thu Aug 10 2023 17:06:43 GMT+0800 (中国标准时间)@fdfc0cf4-573b-43cd-91ca-0eb57cbe6a7e
debug: Inspect file:///E:/work/git/majia/game_993000101/assets/scripts/Point.ts
debug: Resolve cce:/internal/code-quality/cr.mjs from file:///E:/work/git/majia/game_993000101/assets/scripts/Point.ts as cce:/internal/code-quality/cr.mjs.
debug: Resolve cc from file:///E:/work/git/majia/game_993000101/assets/scripts/Point.ts as cce:/internal/x/cc.
debug: Resolve cc from file:///E:/work/git/majia/game_993000101/assets/scripts/Point.ts as cce:/internal/x/cc.
debug: Resolve cc from file:///E:/work/git/majia/game_993000101/assets/scripts/Point.ts as cce:/internal/x/cc.
debug: Resolve file:///E:/work/git/majia/game_993000101/assets/scripts/Point.ts from cce:/internal/x/prerequisite-imports as file:///E:/work/git/majia/game_993000101/assets/scripts/Point.ts.
debug: Target(editor) ends with cost 276.27620005607605ms.
debug: Target(preview) build started.
debug: Detected change: cce:/internal/x/prerequisite-imports. Last mtime: Thu Jan 01 1970 08:00:13 GMT+0800 (中国标准时间), Current mtime: Thu Jan 01 1970 08:22:12 GMT+0800 (中国标准时间)
debug: Inspect cce:/internal/x/prerequisite-imports
debug: Resolve file:///E:/work/git/majia/game_993000101/assets/scripts/NodeFactory.ts from cce:/internal/x/prerequisite-imports as file:///E:/work/git/majia/game_993000101/assets/scripts/NodeFactory.ts.
debug: Resolve file:///E:/work/git/majia/game_993000101/assets/scripts/Paper.ts from cce:/internal/x/prerequisite-imports as file:///E:/work/git/majia/game_993000101/assets/scripts/Paper.ts.
debug: Detected change: file:///E:/work/git/majia/game_993000101/assets/scripts/Point.ts. Last mtime: Wed Aug 09 2023 18:40:25 GMT+0800 (中国标准时间)@fdfc0cf4-573b-43cd-91ca-0eb57cbe6a7e, Current mtime: Thu Aug 10 2023 17:06:43 GMT+0800 (中国标准时间)@fdfc0cf4-573b-43cd-91ca-0eb57cbe6a7e
debug: Inspect file:///E:/work/git/majia/game_993000101/assets/scripts/Point.ts
debug: Resolve cce:/internal/code-quality/cr.mjs from file:///E:/work/git/majia/game_993000101/assets/scripts/Point.ts as cce:/internal/code-quality/cr.mjs.
debug: Resolve cc from file:///E:/work/git/majia/game_993000101/assets/scripts/Point.ts as cce:/internal/x/cc.
debug: Resolve cc from file:///E:/work/git/majia/game_993000101/assets/scripts/Point.ts as cce:/internal/x/cc.
debug: Resolve cc from file:///E:/work/git/majia/game_993000101/assets/scripts/Point.ts as cce:/internal/x/cc.
debug: Resolve file:///E:/work/git/majia/game_993000101/assets/scripts/Point.ts from cce:/internal/x/prerequisite-imports as file:///E:/work/git/majia/game_993000101/assets/scripts/Point.ts.
debug: Target(preview) ends with cost 164.64909994602203ms.
debug: Dispatch build request for time accumulated 1 asset changes.
debug: Build iteration starts.
Number of accumulated asset changes: 1
Feature changed: false
debug: Target(editor) build started.
debug: Detected change: cce:/internal/x/prerequisite-imports. Last mtime: Thu Jan 01 1970 08:22:11 GMT+0800 (中国标准时间), Current mtime: Thu Jan 01 1970 08:48:09 GMT+0800 (中国标准时间)
debug: Inspect cce:/internal/x/prerequisite-imports
debug: Resolve file:///E:/work/git/majia/game_993000101/assets/scripts/NodeFactory.ts from cce:/internal/x/prerequisite-imports as file:///E:/work/git/majia/game_993000101/assets/scripts/NodeFactory.ts.
debug: Resolve file:///E:/work/git/majia/game_993000101/assets/scripts/Paper.ts from cce:/internal/x/prerequisite-imports as file:///E:/work/git/majia/game_993000101/assets/scripts/Paper.ts.
debug: Detected change: file:///E:/work/git/majia/game_993000101/assets/scripts/Paper.ts. Last mtime: Thu Aug 10 2023 10:02:40 GMT+0800 (中国标准时间)@bcfd8975-c3c4-4a3f-8a1b-8554b5e8f301, Current mtime: Thu Aug 10 2023 17:32:39 GMT+0800 (中国标准时间)@bcfd8975-c3c4-4a3f-8a1b-8554b5e8f301
debug: Inspect file:///E:/work/git/majia/game_993000101/assets/scripts/Paper.ts
debug: Resolve cce:/internal/code-quality/cr.mjs from file:///E:/work/git/majia/game_993000101/assets/scripts/Paper.ts as cce:/internal/code-quality/cr.mjs.
debug: Resolve cc from file:///E:/work/git/majia/game_993000101/assets/scripts/Paper.ts as cce:/internal/x/cc.
debug: Resolve cc from file:///E:/work/git/majia/game_993000101/assets/scripts/Paper.ts as cce:/internal/x/cc.
debug: Resolve cc from file:///E:/work/git/majia/game_993000101/assets/scripts/Paper.ts as cce:/internal/x/cc.
debug: Resolve ./NodeFactory from file:///E:/work/git/majia/game_993000101/assets/scripts/Paper.ts as file:///E:/work/git/majia/game_993000101/assets/scripts/NodeFactory.ts.
debug: Resolve ./Point from file:///E:/work/git/majia/game_993000101/assets/scripts/Paper.ts as file:///E:/work/git/majia/game_993000101/assets/scripts/Point.ts.
debug: Resolve file:///E:/work/git/majia/game_993000101/assets/scripts/Point.ts from cce:/internal/x/prerequisite-imports as file:///E:/work/git/majia/game_993000101/assets/scripts/Point.ts.
debug: Target(editor) ends with cost 260.4865999221802ms.
debug: Target(preview) build started.
debug: Detected change: cce:/internal/x/prerequisite-imports. Last mtime: Thu Jan 01 1970 08:22:12 GMT+0800 (中国标准时间), Current mtime: Thu Jan 01 1970 08:48:09 GMT+0800 (中国标准时间)
debug: Inspect cce:/internal/x/prerequisite-imports
debug: Resolve file:///E:/work/git/majia/game_993000101/assets/scripts/NodeFactory.ts from cce:/internal/x/prerequisite-imports as file:///E:/work/git/majia/game_993000101/assets/scripts/NodeFactory.ts.
debug: Resolve file:///E:/work/git/majia/game_993000101/assets/scripts/Paper.ts from cce:/internal/x/prerequisite-imports as file:///E:/work/git/majia/game_993000101/assets/scripts/Paper.ts.
debug: Detected change: file:///E:/work/git/majia/game_993000101/assets/scripts/Paper.ts. Last mtime: Thu Aug 10 2023 10:02:40 GMT+0800 (中国标准时间)@bcfd8975-c3c4-4a3f-8a1b-8554b5e8f301, Current mtime: Thu Aug 10 2023 17:32:39 GMT+0800 (中国标准时间)@bcfd8975-c3c4-4a3f-8a1b-8554b5e8f301
debug: Inspect file:///E:/work/git/majia/game_993000101/assets/scripts/Paper.ts
debug: Resolve cce:/internal/code-quality/cr.mjs from file:///E:/work/git/majia/game_993000101/assets/scripts/Paper.ts as cce:/internal/code-quality/cr.mjs.
debug: Resolve cc from file:///E:/work/git/majia/game_993000101/assets/scripts/Paper.ts as cce:/internal/x/cc.
debug: Resolve cc from file:///E:/work/git/majia/game_993000101/assets/scripts/Paper.ts as cce:/internal/x/cc.
debug: Resolve cc from file:///E:/work/git/majia/game_993000101/assets/scripts/Paper.ts as cce:/internal/x/cc.
debug: Resolve ./NodeFactory from file:///E:/work/git/majia/game_993000101/assets/scripts/Paper.ts as file:///E:/work/git/majia/game_993000101/assets/scripts/NodeFactory.ts.
debug: Resolve ./Point from file:///E:/work/git/majia/game_993000101/assets/scripts/Paper.ts as file:///E:/work/git/majia/game_993000101/assets/scripts/Point.ts.
debug: Resolve file:///E:/work/git/majia/game_993000101/assets/scripts/Point.ts from cce:/internal/x/prerequisite-imports as file:///E:/work/git/majia/game_993000101/assets/scripts/Point.ts.
debug: Target(preview) ends with cost 308.0954999923706ms.
debug: Dispatch build request for time accumulated 1 asset changes.
debug: Build iteration starts.
Number of accumulated asset changes: 1
Feature changed: false
debug: Target(editor) build started.
debug: Detected change: cce:/internal/x/prerequisite-imports. Last mtime: Thu Jan 01 1970 08:48:09 GMT+0800 (中国标准时间), Current mtime: Thu Jan 01 1970 08:58:58 GMT+0800 (中国标准时间)
debug: Inspect cce:/internal/x/prerequisite-imports
debug: Resolve file:///E:/work/git/majia/game_993000101/assets/scripts/NodeFactory.ts from cce:/internal/x/prerequisite-imports as file:///E:/work/git/majia/game_993000101/assets/scripts/NodeFactory.ts.
debug: Resolve file:///E:/work/git/majia/game_993000101/assets/scripts/Paper.ts from cce:/internal/x/prerequisite-imports as file:///E:/work/git/majia/game_993000101/assets/scripts/Paper.ts.
debug: Detected change: file:///E:/work/git/majia/game_993000101/assets/scripts/Paper.ts. Last mtime: Thu Aug 10 2023 17:32:39 GMT+0800 (中国标准时间)@bcfd8975-c3c4-4a3f-8a1b-8554b5e8f301, Current mtime: Thu Aug 10 2023 17:41:41 GMT+0800 (中国标准时间)@bcfd8975-c3c4-4a3f-8a1b-8554b5e8f301
debug: Inspect file:///E:/work/git/majia/game_993000101/assets/scripts/Paper.ts
debug: Resolve cce:/internal/code-quality/cr.mjs from file:///E:/work/git/majia/game_993000101/assets/scripts/Paper.ts as cce:/internal/code-quality/cr.mjs.
debug: Resolve cc from file:///E:/work/git/majia/game_993000101/assets/scripts/Paper.ts as cce:/internal/x/cc.
debug: Resolve cc from file:///E:/work/git/majia/game_993000101/assets/scripts/Paper.ts as cce:/internal/x/cc.
debug: Resolve cc from file:///E:/work/git/majia/game_993000101/assets/scripts/Paper.ts as cce:/internal/x/cc.
debug: Resolve ./NodeFactory from file:///E:/work/git/majia/game_993000101/assets/scripts/Paper.ts as file:///E:/work/git/majia/game_993000101/assets/scripts/NodeFactory.ts.
debug: Resolve ./Point from file:///E:/work/git/majia/game_993000101/assets/scripts/Paper.ts as file:///E:/work/git/majia/game_993000101/assets/scripts/Point.ts.
debug: Resolve file:///E:/work/git/majia/game_993000101/assets/scripts/Point.ts from cce:/internal/x/prerequisite-imports as file:///E:/work/git/majia/game_993000101/assets/scripts/Point.ts.
debug: Target(editor) ends with cost 264.7761000394821ms.
debug: Target(preview) build started.
debug: Detected change: cce:/internal/x/prerequisite-imports. Last mtime: Thu Jan 01 1970 08:48:09 GMT+0800 (中国标准时间), Current mtime: Thu Jan 01 1970 08:58:58 GMT+0800 (中国标准时间)
debug: Inspect cce:/internal/x/prerequisite-imports
debug: Resolve file:///E:/work/git/majia/game_993000101/assets/scripts/NodeFactory.ts from cce:/internal/x/prerequisite-imports as file:///E:/work/git/majia/game_993000101/assets/scripts/NodeFactory.ts.
debug: Resolve file:///E:/work/git/majia/game_993000101/assets/scripts/Paper.ts from cce:/internal/x/prerequisite-imports as file:///E:/work/git/majia/game_993000101/assets/scripts/Paper.ts.
debug: Detected change: file:///E:/work/git/majia/game_993000101/assets/scripts/Paper.ts. Last mtime: Thu Aug 10 2023 17:32:39 GMT+0800 (中国标准时间)@bcfd8975-c3c4-4a3f-8a1b-8554b5e8f301, Current mtime: Thu Aug 10 2023 17:41:41 GMT+0800 (中国标准时间)@bcfd8975-c3c4-4a3f-8a1b-8554b5e8f301
debug: Inspect file:///E:/work/git/majia/game_993000101/assets/scripts/Paper.ts
debug: Resolve cce:/internal/code-quality/cr.mjs from file:///E:/work/git/majia/game_993000101/assets/scripts/Paper.ts as cce:/internal/code-quality/cr.mjs.
debug: Resolve cc from file:///E:/work/git/majia/game_993000101/assets/scripts/Paper.ts as cce:/internal/x/cc.
debug: Resolve cc from file:///E:/work/git/majia/game_993000101/assets/scripts/Paper.ts as cce:/internal/x/cc.
debug: Resolve cc from file:///E:/work/git/majia/game_993000101/assets/scripts/Paper.ts as cce:/internal/x/cc.
debug: Resolve ./NodeFactory from file:///E:/work/git/majia/game_993000101/assets/scripts/Paper.ts as file:///E:/work/git/majia/game_993000101/assets/scripts/NodeFactory.ts.
debug: Resolve ./Point from file:///E:/work/git/majia/game_993000101/assets/scripts/Paper.ts as file:///E:/work/git/majia/game_993000101/assets/scripts/Point.ts.
debug: Resolve file:///E:/work/git/majia/game_993000101/assets/scripts/Point.ts from cce:/internal/x/prerequisite-imports as file:///E:/work/git/majia/game_993000101/assets/scripts/Point.ts.
debug: Target(preview) ends with cost 238.74660003185272ms.
debug: Dispatch build request for time accumulated 1 asset changes.
debug: Build iteration starts.
Number of accumulated asset changes: 1
Feature changed: false
debug: Target(editor) build started.
debug: Detected change: cce:/internal/x/prerequisite-imports. Last mtime: Thu Jan 01 1970 08:58:58 GMT+0800 (中国标准时间), Current mtime: Thu Jan 01 1970 09:02:49 GMT+0800 (中国标准时间)
debug: Inspect cce:/internal/x/prerequisite-imports
debug: Resolve file:///E:/work/git/majia/game_993000101/assets/scripts/NodeFactory.ts from cce:/internal/x/prerequisite-imports as file:///E:/work/git/majia/game_993000101/assets/scripts/NodeFactory.ts.
debug: Resolve file:///E:/work/git/majia/game_993000101/assets/scripts/Paper.ts from cce:/internal/x/prerequisite-imports as file:///E:/work/git/majia/game_993000101/assets/scripts/Paper.ts.
debug: Detected change: file:///E:/work/git/majia/game_993000101/assets/scripts/Paper.ts. Last mtime: Thu Aug 10 2023 17:41:41 GMT+0800 (中国标准时间)@bcfd8975-c3c4-4a3f-8a1b-8554b5e8f301, Current mtime: Thu Aug 10 2023 17:47:18 GMT+0800 (中国标准时间)@bcfd8975-c3c4-4a3f-8a1b-8554b5e8f301
debug: Inspect file:///E:/work/git/majia/game_993000101/assets/scripts/Paper.ts
debug: Resolve cce:/internal/code-quality/cr.mjs from file:///E:/work/git/majia/game_993000101/assets/scripts/Paper.ts as cce:/internal/code-quality/cr.mjs.
debug: Resolve cc from file:///E:/work/git/majia/game_993000101/assets/scripts/Paper.ts as cce:/internal/x/cc.
debug: Resolve cc from file:///E:/work/git/majia/game_993000101/assets/scripts/Paper.ts as cce:/internal/x/cc.
debug: Resolve cc from file:///E:/work/git/majia/game_993000101/assets/scripts/Paper.ts as cce:/internal/x/cc.
debug: Resolve ./NodeFactory from file:///E:/work/git/majia/game_993000101/assets/scripts/Paper.ts as file:///E:/work/git/majia/game_993000101/assets/scripts/NodeFactory.ts.
debug: Resolve ./Point from file:///E:/work/git/majia/game_993000101/assets/scripts/Paper.ts as file:///E:/work/git/majia/game_993000101/assets/scripts/Point.ts.
debug: Resolve file:///E:/work/git/majia/game_993000101/assets/scripts/Point.ts from cce:/internal/x/prerequisite-imports as file:///E:/work/git/majia/game_993000101/assets/scripts/Point.ts.
debug: Target(editor) ends with cost 184.75269997119904ms.
debug: Target(preview) build started.
debug: Detected change: cce:/internal/x/prerequisite-imports. Last mtime: Thu Jan 01 1970 08:58:58 GMT+0800 (中国标准时间), Current mtime: Thu Jan 01 1970 09:02:49 GMT+0800 (中国标准时间)
debug: Inspect cce:/internal/x/prerequisite-imports
debug: Resolve file:///E:/work/git/majia/game_993000101/assets/scripts/NodeFactory.ts from cce:/internal/x/prerequisite-imports as file:///E:/work/git/majia/game_993000101/assets/scripts/NodeFactory.ts.
debug: Resolve file:///E:/work/git/majia/game_993000101/assets/scripts/Paper.ts from cce:/internal/x/prerequisite-imports as file:///E:/work/git/majia/game_993000101/assets/scripts/Paper.ts.
debug: Detected change: file:///E:/work/git/majia/game_993000101/assets/scripts/Paper.ts. Last mtime: Thu Aug 10 2023 17:41:41 GMT+0800 (中国标准时间)@bcfd8975-c3c4-4a3f-8a1b-8554b5e8f301, Current mtime: Thu Aug 10 2023 17:47:18 GMT+0800 (中国标准时间)@bcfd8975-c3c4-4a3f-8a1b-8554b5e8f301
debug: Inspect file:///E:/work/git/majia/game_993000101/assets/scripts/Paper.ts
debug: Resolve cce:/internal/code-quality/cr.mjs from file:///E:/work/git/majia/game_993000101/assets/scripts/Paper.ts as cce:/internal/code-quality/cr.mjs.
debug: Resolve cc from file:///E:/work/git/majia/game_993000101/assets/scripts/Paper.ts as cce:/internal/x/cc.
debug: Resolve cc from file:///E:/work/git/majia/game_993000101/assets/scripts/Paper.ts as cce:/internal/x/cc.
debug: Resolve cc from file:///E:/work/git/majia/game_993000101/assets/scripts/Paper.ts as cce:/internal/x/cc.
debug: Resolve ./NodeFactory from file:///E:/work/git/majia/game_993000101/assets/scripts/Paper.ts as file:///E:/work/git/majia/game_993000101/assets/scripts/NodeFactory.ts.
debug: Resolve ./Point from file:///E:/work/git/majia/game_993000101/assets/scripts/Paper.ts as file:///E:/work/git/majia/game_993000101/assets/scripts/Point.ts.
debug: Resolve file:///E:/work/git/majia/game_993000101/assets/scripts/Point.ts from cce:/internal/x/prerequisite-imports as file:///E:/work/git/majia/game_993000101/assets/scripts/Point.ts.
debug: Target(preview) ends with cost 254.80570006370544ms.
debug: Dispatch build request for time accumulated 1 asset changes.
debug: Build iteration starts.
Number of accumulated asset changes: 1
Feature changed: false
debug: Target(editor) build started.
debug: Detected change: cce:/internal/x/prerequisite-imports. Last mtime: Thu Jan 01 1970 09:02:49 GMT+0800 (中国标准时间), Current mtime: Thu Jan 01 1970 09:03:33 GMT+0800 (中国标准时间)
debug: Inspect cce:/internal/x/prerequisite-imports
debug: Resolve file:///E:/work/git/majia/game_993000101/assets/scripts/NodeFactory.ts from cce:/internal/x/prerequisite-imports as file:///E:/work/git/majia/game_993000101/assets/scripts/NodeFactory.ts.
debug: Resolve file:///E:/work/git/majia/game_993000101/assets/scripts/Paper.ts from cce:/internal/x/prerequisite-imports as file:///E:/work/git/majia/game_993000101/assets/scripts/Paper.ts.
debug: Detected change: file:///E:/work/git/majia/game_993000101/assets/scripts/Paper.ts. Last mtime: Thu Aug 10 2023 17:47:18 GMT+0800 (中国标准时间)@bcfd8975-c3c4-4a3f-8a1b-8554b5e8f301, Current mtime: Thu Aug 10 2023 17:48:02 GMT+0800 (中国标准时间)@bcfd8975-c3c4-4a3f-8a1b-8554b5e8f301
debug: Inspect file:///E:/work/git/majia/game_993000101/assets/scripts/Paper.ts
debug: Resolve cce:/internal/code-quality/cr.mjs from file:///E:/work/git/majia/game_993000101/assets/scripts/Paper.ts as cce:/internal/code-quality/cr.mjs.
debug: Resolve cc from file:///E:/work/git/majia/game_993000101/assets/scripts/Paper.ts as cce:/internal/x/cc.
debug: Resolve cc from file:///E:/work/git/majia/game_993000101/assets/scripts/Paper.ts as cce:/internal/x/cc.
debug: Resolve cc from file:///E:/work/git/majia/game_993000101/assets/scripts/Paper.ts as cce:/internal/x/cc.
debug: Resolve ./NodeFactory from file:///E:/work/git/majia/game_993000101/assets/scripts/Paper.ts as file:///E:/work/git/majia/game_993000101/assets/scripts/NodeFactory.ts.
debug: Resolve ./Point from file:///E:/work/git/majia/game_993000101/assets/scripts/Paper.ts as file:///E:/work/git/majia/game_993000101/assets/scripts/Point.ts.
debug: Resolve file:///E:/work/git/majia/game_993000101/assets/scripts/Point.ts from cce:/internal/x/prerequisite-imports as file:///E:/work/git/majia/game_993000101/assets/scripts/Point.ts.
debug: Target(editor) ends with cost 205.7429999113083ms.
debug: Target(preview) build started.
debug: Detected change: cce:/internal/x/prerequisite-imports. Last mtime: Thu Jan 01 1970 09:02:49 GMT+0800 (中国标准时间), Current mtime: Thu Jan 01 1970 09:03:33 GMT+0800 (中国标准时间)
debug: Inspect cce:/internal/x/prerequisite-imports
debug: Resolve file:///E:/work/git/majia/game_993000101/assets/scripts/NodeFactory.ts from cce:/internal/x/prerequisite-imports as file:///E:/work/git/majia/game_993000101/assets/scripts/NodeFactory.ts.
debug: Resolve file:///E:/work/git/majia/game_993000101/assets/scripts/Paper.ts from cce:/internal/x/prerequisite-imports as file:///E:/work/git/majia/game_993000101/assets/scripts/Paper.ts.
debug: Detected change: file:///E:/work/git/majia/game_993000101/assets/scripts/Paper.ts. Last mtime: Thu Aug 10 2023 17:47:18 GMT+0800 (中国标准时间)@bcfd8975-c3c4-4a3f-8a1b-8554b5e8f301, Current mtime: Thu Aug 10 2023 17:48:02 GMT+0800 (中国标准时间)@bcfd8975-c3c4-4a3f-8a1b-8554b5e8f301
debug: Inspect file:///E:/work/git/majia/game_993000101/assets/scripts/Paper.ts
debug: Resolve cce:/internal/code-quality/cr.mjs from file:///E:/work/git/majia/game_993000101/assets/scripts/Paper.ts as cce:/internal/code-quality/cr.mjs.
debug: Resolve cc from file:///E:/work/git/majia/game_993000101/assets/scripts/Paper.ts as cce:/internal/x/cc.
debug: Resolve cc from file:///E:/work/git/majia/game_993000101/assets/scripts/Paper.ts as cce:/internal/x/cc.
debug: Resolve cc from file:///E:/work/git/majia/game_993000101/assets/scripts/Paper.ts as cce:/internal/x/cc.
debug: Resolve ./NodeFactory from file:///E:/work/git/majia/game_993000101/assets/scripts/Paper.ts as file:///E:/work/git/majia/game_993000101/assets/scripts/NodeFactory.ts.
debug: Resolve ./Point from file:///E:/work/git/majia/game_993000101/assets/scripts/Paper.ts as file:///E:/work/git/majia/game_993000101/assets/scripts/Point.ts.
debug: Resolve file:///E:/work/git/majia/game_993000101/assets/scripts/Point.ts from cce:/internal/x/prerequisite-imports as file:///E:/work/git/majia/game_993000101/assets/scripts/Point.ts.
debug: Target(preview) ends with cost 262.8561999797821ms.
debug: Dispatch build request for time accumulated 1 asset changes.
debug: Build iteration starts.
Number of accumulated asset changes: 1
Feature changed: false
debug: Target(editor) build started.
debug: Detected change: cce:/internal/x/prerequisite-imports. Last mtime: Thu Jan 01 1970 09:03:33 GMT+0800 (中国标准时间), Current mtime: Thu Jan 01 1970 09:03:55 GMT+0800 (中国标准时间)
debug: Inspect cce:/internal/x/prerequisite-imports
debug: Resolve file:///E:/work/git/majia/game_993000101/assets/scripts/NodeFactory.ts from cce:/internal/x/prerequisite-imports as file:///E:/work/git/majia/game_993000101/assets/scripts/NodeFactory.ts.
debug: Resolve file:///E:/work/git/majia/game_993000101/assets/scripts/Paper.ts from cce:/internal/x/prerequisite-imports as file:///E:/work/git/majia/game_993000101/assets/scripts/Paper.ts.
debug: Detected change: file:///E:/work/git/majia/game_993000101/assets/scripts/Paper.ts. Last mtime: Thu Aug 10 2023 17:48:02 GMT+0800 (中国标准时间)@bcfd8975-c3c4-4a3f-8a1b-8554b5e8f301, Current mtime: Thu Aug 10 2023 17:48:25 GMT+0800 (中国标准时间)@bcfd8975-c3c4-4a3f-8a1b-8554b5e8f301
debug: Inspect file:///E:/work/git/majia/game_993000101/assets/scripts/Paper.ts
debug: Resolve cce:/internal/code-quality/cr.mjs from file:///E:/work/git/majia/game_993000101/assets/scripts/Paper.ts as cce:/internal/code-quality/cr.mjs.
debug: Resolve cc from file:///E:/work/git/majia/game_993000101/assets/scripts/Paper.ts as cce:/internal/x/cc.
debug: Resolve cc from file:///E:/work/git/majia/game_993000101/assets/scripts/Paper.ts as cce:/internal/x/cc.
debug: Resolve cc from file:///E:/work/git/majia/game_993000101/assets/scripts/Paper.ts as cce:/internal/x/cc.
debug: Resolve ./NodeFactory from file:///E:/work/git/majia/game_993000101/assets/scripts/Paper.ts as file:///E:/work/git/majia/game_993000101/assets/scripts/NodeFactory.ts.
debug: Resolve ./Point from file:///E:/work/git/majia/game_993000101/assets/scripts/Paper.ts as file:///E:/work/git/majia/game_993000101/assets/scripts/Point.ts.
debug: Resolve file:///E:/work/git/majia/game_993000101/assets/scripts/Point.ts from cce:/internal/x/prerequisite-imports as file:///E:/work/git/majia/game_993000101/assets/scripts/Point.ts.
debug: Target(editor) ends with cost 158.82480001449585ms.
debug: Target(preview) build started.
debug: Detected change: cce:/internal/x/prerequisite-imports. Last mtime: Thu Jan 01 1970 09:03:33 GMT+0800 (中国标准时间), Current mtime: Thu Jan 01 1970 09:03:55 GMT+0800 (中国标准时间)
debug: Inspect cce:/internal/x/prerequisite-imports
debug: Resolve file:///E:/work/git/majia/game_993000101/assets/scripts/NodeFactory.ts from cce:/internal/x/prerequisite-imports as file:///E:/work/git/majia/game_993000101/assets/scripts/NodeFactory.ts.
debug: Resolve file:///E:/work/git/majia/game_993000101/assets/scripts/Paper.ts from cce:/internal/x/prerequisite-imports as file:///E:/work/git/majia/game_993000101/assets/scripts/Paper.ts.
debug: Detected change: file:///E:/work/git/majia/game_993000101/assets/scripts/Paper.ts. Last mtime: Thu Aug 10 2023 17:48:02 GMT+0800 (中国标准时间)@bcfd8975-c3c4-4a3f-8a1b-8554b5e8f301, Current mtime: Thu Aug 10 2023 17:48:25 GMT+0800 (中国标准时间)@bcfd8975-c3c4-4a3f-8a1b-8554b5e8f301
debug: Inspect file:///E:/work/git/majia/game_993000101/assets/scripts/Paper.ts
debug: Resolve cce:/internal/code-quality/cr.mjs from file:///E:/work/git/majia/game_993000101/assets/scripts/Paper.ts as cce:/internal/code-quality/cr.mjs.
debug: Resolve cc from file:///E:/work/git/majia/game_993000101/assets/scripts/Paper.ts as cce:/internal/x/cc.
debug: Resolve cc from file:///E:/work/git/majia/game_993000101/assets/scripts/Paper.ts as cce:/internal/x/cc.
debug: Resolve cc from file:///E:/work/git/majia/game_993000101/assets/scripts/Paper.ts as cce:/internal/x/cc.
debug: Resolve ./NodeFactory from file:///E:/work/git/majia/game_993000101/assets/scripts/Paper.ts as file:///E:/work/git/majia/game_993000101/assets/scripts/NodeFactory.ts.
debug: Resolve ./Point from file:///E:/work/git/majia/game_993000101/assets/scripts/Paper.ts as file:///E:/work/git/majia/game_993000101/assets/scripts/Point.ts.
debug: Resolve file:///E:/work/git/majia/game_993000101/assets/scripts/Point.ts from cce:/internal/x/prerequisite-imports as file:///E:/work/git/majia/game_993000101/assets/scripts/Point.ts.
debug: Target(preview) ends with cost 226.40209996700287ms.
debug: Dispatch build request for time accumulated 1 asset changes.
debug: Build iteration starts.
Number of accumulated asset changes: 1
Feature changed: false
debug: Target(editor) build started.
debug: Detected change: cce:/internal/x/prerequisite-imports. Last mtime: Thu Jan 01 1970 09:03:55 GMT+0800 (中国标准时间), Current mtime: Thu Jan 01 1970 09:21:57 GMT+0800 (中国标准时间)
debug: Inspect cce:/internal/x/prerequisite-imports
debug: Resolve file:///E:/work/git/majia/game_993000101/assets/scripts/NodeFactory.ts from cce:/internal/x/prerequisite-imports as file:///E:/work/git/majia/game_993000101/assets/scripts/NodeFactory.ts.
debug: Resolve file:///E:/work/git/majia/game_993000101/assets/scripts/Paper.ts from cce:/internal/x/prerequisite-imports as file:///E:/work/git/majia/game_993000101/assets/scripts/Paper.ts.
debug: Detected change: file:///E:/work/git/majia/game_993000101/assets/scripts/Paper.ts. Last mtime: Thu Aug 10 2023 17:48:25 GMT+0800 (中国标准时间)@bcfd8975-c3c4-4a3f-8a1b-8554b5e8f301, Current mtime: Thu Aug 10 2023 18:06:29 GMT+0800 (中国标准时间)@bcfd8975-c3c4-4a3f-8a1b-8554b5e8f301
debug: Inspect file:///E:/work/git/majia/game_993000101/assets/scripts/Paper.ts
debug: Resolve cce:/internal/code-quality/cr.mjs from file:///E:/work/git/majia/game_993000101/assets/scripts/Paper.ts as cce:/internal/code-quality/cr.mjs.
debug: Resolve cc from file:///E:/work/git/majia/game_993000101/assets/scripts/Paper.ts as cce:/internal/x/cc.
debug: Resolve cc from file:///E:/work/git/majia/game_993000101/assets/scripts/Paper.ts as cce:/internal/x/cc.
debug: Resolve cc from file:///E:/work/git/majia/game_993000101/assets/scripts/Paper.ts as cce:/internal/x/cc.
debug: Resolve ./NodeFactory from file:///E:/work/git/majia/game_993000101/assets/scripts/Paper.ts as file:///E:/work/git/majia/game_993000101/assets/scripts/NodeFactory.ts.
debug: Resolve ./Point from file:///E:/work/git/majia/game_993000101/assets/scripts/Paper.ts as file:///E:/work/git/majia/game_993000101/assets/scripts/Point.ts.
debug: Resolve file:///E:/work/git/majia/game_993000101/assets/scripts/Point.ts from cce:/internal/x/prerequisite-imports as file:///E:/work/git/majia/game_993000101/assets/scripts/Point.ts.
debug: Target(editor) ends with cost 201.2315000295639ms.
debug: Target(preview) build started.
debug: Detected change: cce:/internal/x/prerequisite-imports. Last mtime: Thu Jan 01 1970 09:03:55 GMT+0800 (中国标准时间), Current mtime: Thu Jan 01 1970 09:21:57 GMT+0800 (中国标准时间)
debug: Inspect cce:/internal/x/prerequisite-imports
debug: Resolve file:///E:/work/git/majia/game_993000101/assets/scripts/NodeFactory.ts from cce:/internal/x/prerequisite-imports as file:///E:/work/git/majia/game_993000101/assets/scripts/NodeFactory.ts.
debug: Resolve file:///E:/work/git/majia/game_993000101/assets/scripts/Paper.ts from cce:/internal/x/prerequisite-imports as file:///E:/work/git/majia/game_993000101/assets/scripts/Paper.ts.
debug: Detected change: file:///E:/work/git/majia/game_993000101/assets/scripts/Paper.ts. Last mtime: Thu Aug 10 2023 17:48:25 GMT+0800 (中国标准时间)@bcfd8975-c3c4-4a3f-8a1b-8554b5e8f301, Current mtime: Thu Aug 10 2023 18:06:29 GMT+0800 (中国标准时间)@bcfd8975-c3c4-4a3f-8a1b-8554b5e8f301
debug: Inspect file:///E:/work/git/majia/game_993000101/assets/scripts/Paper.ts
debug: Resolve cce:/internal/code-quality/cr.mjs from file:///E:/work/git/majia/game_993000101/assets/scripts/Paper.ts as cce:/internal/code-quality/cr.mjs.
debug: Resolve cc from file:///E:/work/git/majia/game_993000101/assets/scripts/Paper.ts as cce:/internal/x/cc.
debug: Resolve cc from file:///E:/work/git/majia/game_993000101/assets/scripts/Paper.ts as cce:/internal/x/cc.
debug: Resolve cc from file:///E:/work/git/majia/game_993000101/assets/scripts/Paper.ts as cce:/internal/x/cc.
debug: Resolve ./NodeFactory from file:///E:/work/git/majia/game_993000101/assets/scripts/Paper.ts as file:///E:/work/git/majia/game_993000101/assets/scripts/NodeFactory.ts.
debug: Resolve ./Point from file:///E:/work/git/majia/game_993000101/assets/scripts/Paper.ts as file:///E:/work/git/majia/game_993000101/assets/scripts/Point.ts.
debug: Resolve file:///E:/work/git/majia/game_993000101/assets/scripts/Point.ts from cce:/internal/x/prerequisite-imports as file:///E:/work/git/majia/game_993000101/assets/scripts/Point.ts.
debug: Target(preview) ends with cost 264.23339998722076ms.
debug: Dispatch build request for time accumulated 1 asset changes.
debug: Build iteration starts.
Number of accumulated asset changes: 1
Feature changed: false
debug: Target(editor) build started.
debug: Detected change: cce:/internal/x/prerequisite-imports. Last mtime: Thu Jan 01 1970 09:21:57 GMT+0800 (中国标准时间), Current mtime: Thu Jan 01 1970 09:35:51 GMT+0800 (中国标准时间)
debug: Inspect cce:/internal/x/prerequisite-imports
debug: Resolve file:///E:/work/git/majia/game_993000101/assets/scripts/NodeFactory.ts from cce:/internal/x/prerequisite-imports as file:///E:/work/git/majia/game_993000101/assets/scripts/NodeFactory.ts.
debug: Resolve file:///E:/work/git/majia/game_993000101/assets/scripts/Paper.ts from cce:/internal/x/prerequisite-imports as file:///E:/work/git/majia/game_993000101/assets/scripts/Paper.ts.
debug: Detected change: file:///E:/work/git/majia/game_993000101/assets/scripts/Point.ts. Last mtime: Thu Aug 10 2023 17:06:43 GMT+0800 (中国标准时间)@fdfc0cf4-573b-43cd-91ca-0eb57cbe6a7e, Current mtime: Thu Aug 10 2023 18:20:25 GMT+0800 (中国标准时间)@fdfc0cf4-573b-43cd-91ca-0eb57cbe6a7e
debug: Inspect file:///E:/work/git/majia/game_993000101/assets/scripts/Point.ts
debug: Resolve cce:/internal/code-quality/cr.mjs from file:///E:/work/git/majia/game_993000101/assets/scripts/Point.ts as cce:/internal/code-quality/cr.mjs.
debug: Resolve cc from file:///E:/work/git/majia/game_993000101/assets/scripts/Point.ts as cce:/internal/x/cc.
debug: Resolve cc from file:///E:/work/git/majia/game_993000101/assets/scripts/Point.ts as cce:/internal/x/cc.
debug: Resolve cc from file:///E:/work/git/majia/game_993000101/assets/scripts/Point.ts as cce:/internal/x/cc.
debug: Resolve file:///E:/work/git/majia/game_993000101/assets/scripts/Point.ts from cce:/internal/x/prerequisite-imports as file:///E:/work/git/majia/game_993000101/assets/scripts/Point.ts.
debug: Target(editor) ends with cost 104.93389999866486ms.
debug: Target(preview) build started.
debug: Detected change: cce:/internal/x/prerequisite-imports. Last mtime: Thu Jan 01 1970 09:21:57 GMT+0800 (中国标准时间), Current mtime: Thu Jan 01 1970 09:35:51 GMT+0800 (中国标准时间)
debug: Inspect cce:/internal/x/prerequisite-imports
debug: Resolve file:///E:/work/git/majia/game_993000101/assets/scripts/NodeFactory.ts from cce:/internal/x/prerequisite-imports as file:///E:/work/git/majia/game_993000101/assets/scripts/NodeFactory.ts.
debug: Resolve file:///E:/work/git/majia/game_993000101/assets/scripts/Paper.ts from cce:/internal/x/prerequisite-imports as file:///E:/work/git/majia/game_993000101/assets/scripts/Paper.ts.
debug: Detected change: file:///E:/work/git/majia/game_993000101/assets/scripts/Point.ts. Last mtime: Thu Aug 10 2023 17:06:43 GMT+0800 (中国标准时间)@fdfc0cf4-573b-43cd-91ca-0eb57cbe6a7e, Current mtime: Thu Aug 10 2023 18:20:25 GMT+0800 (中国标准时间)@fdfc0cf4-573b-43cd-91ca-0eb57cbe6a7e
debug: Inspect file:///E:/work/git/majia/game_993000101/assets/scripts/Point.ts
debug: Resolve cce:/internal/code-quality/cr.mjs from file:///E:/work/git/majia/game_993000101/assets/scripts/Point.ts as cce:/internal/code-quality/cr.mjs.
debug: Resolve cc from file:///E:/work/git/majia/game_993000101/assets/scripts/Point.ts as cce:/internal/x/cc.
debug: Resolve cc from file:///E:/work/git/majia/game_993000101/assets/scripts/Point.ts as cce:/internal/x/cc.
debug: Resolve cc from file:///E:/work/git/majia/game_993000101/assets/scripts/Point.ts as cce:/internal/x/cc.
debug: Resolve file:///E:/work/git/majia/game_993000101/assets/scripts/Point.ts from cce:/internal/x/prerequisite-imports as file:///E:/work/git/majia/game_993000101/assets/scripts/Point.ts.
debug: Target(preview) ends with cost 106.41960000991821ms.
